<?xml version="1.0" encoding="UTF-8" ?>
<testsuites errors="1"
            failures="1"
            tests="1">

  <testsuite name="imdbSearch"
    errors="1" failures="1" hostname="" id="" package="imdbSearch" skipped="0"
    tests="1" time="6.299" timestamp="">
  
    <testcase name="Clicking on randomly chosen star" classname="imdbSearch" time="6.299" assertions="2">

      <failure message="Testing if the page title equals &#34;Interstellar (2014) - IMDb&#34; in 1000 ms. - expected [0;32m&#34;Interstellar (2014) - IMDb&#34;[0m but got: [0;31m&#34;&#34;[0m">    at Object.Clicking on randomly chosen star (C:\dev\workspace\JS\Projects\javaScriptProjects\automation\tests\imdbSearch.js:19:21)
    at processTicksAndRejections (internal/process/task_queues.js:82:5)</failure>

    <failure message="    at Object.Clicking on randomly chosen star (C:\dev\workspace\JS\Projects\javaScriptProjects\automation\tests\imdbSearch.js:19:21)">    at processTicksAndRejections (internal/process/task_queues.js:82:5)</failure>
    </testcase>
  

  

  
  </testsuite>
</testsuites>
